<?xml version="1.0" encoding="UTF-8"?>
<testsuite xmlns:xsi="http://www.w3.org/2001/XMLSchema-instance" xsi:noNamespaceSchemaLocation="https://maven.apache.org/surefire/maven-surefire-plugin/xsd/surefire-test-report-3.0.xsd" version="3.0" name="MockTest" time="0.279" tests="6" errors="0" skipped="0" failures="0">
  <properties>
[...]
</properties>
  <testcase name="testGetTemperature" classname="MockTest" time="0.262"/>
  <testcase name="testGetHumidityForecast" classname="MockTest" time="0.001"/>
  <testcase name="testGetPressure" classname="MockTest" time="0.001"/>
  <testcase name="testGetPressureForecast" classname="MockTest" time="0.001"/>
  <testcase name="testGetHumidity" classname="MockTest" time="0.001"/>
  <testcase name="testGetTemperatureForecast" classname="MockTest" time="0.001"/>
</testsuite>