<?xml version="1.0" encoding="UTF-8"?>
<testsuite xmlns:xsi="http://www.w3.org/2001/XMLSchema-instance" xsi:noNamespaceSchemaLocation="https://maven.apache.org/surefire/maven-surefire-plugin/xsd/surefire-test-report-3.0.xsd" version="3.0" name="SmokeTest" time="2.627" tests="6" errors="0" skipped="0" failures="0">
  <properties>
[...]
</properties>
  <testcase name="getWeatherForecastApi" classname="SmokeTest" time="1.047">
    <system-out><![CDATA[0    [main] DEBUG org.apache.http.impl.conn.BasicClientConnectionManager  - Get connection for route {s}->https://api.openweathermap.org:443
11   [main] DEBUG org.apache.http.impl.conn.DefaultClientConnectionOperator  - Connecting to api.openweathermap.org:443
333  [main] DEBUG org.apache.http.client.protocol.RequestAddCookies  - CookieSpec selected: ignoreCookies
334  [main] DEBUG org.apache.http.client.protocol.RequestAuthCache  - Auth cache not set in the context
334  [main] DEBUG org.apache.http.client.protocol.RequestTargetAuthentication  - Target auth state: UNCHALLENGED
334  [main] DEBUG org.apache.http.client.protocol.RequestProxyAuthentication  - Proxy auth state: UNCHALLENGED
334  [main] DEBUG org.apache.http.impl.client.DefaultHttpClient  - Attempt 1 to execute request
334  [main] DEBUG org.apache.http.impl.conn.DefaultClientConnection  - Sending request: GET /data/2.5/forecast?q=Tallinn&appid=ef619cd2265c8cb95d9f7934b5a29b36 HTTP/1.1
334  [main] DEBUG org.apache.http.wire  -  >> "GET /data/2.5/forecast?q=Tallinn&appid=ef619cd2265c8cb95d9f7934b5a29b36 HTTP/1.1[\r][\n]"
338  [main] DEBUG org.apache.http.wire  -  >> "Content-Type: application/json[\r][\n]"
338  [main] DEBUG org.apache.http.wire  -  >> "Accept: */*[\r][\n]"
338  [main] DEBUG org.apache.http.wire  -  >> "Host: api.openweathermap.org[\r][\n]"
338  [main] DEBUG org.apache.http.wire  -  >> "Connection: Keep-Alive[\r][\n]"
338  [main] DEBUG org.apache.http.wire  -  >> "User-Agent: Apache-HttpClient/4.5.13 (Java/17.0.5)[\r][\n]"
338  [main] DEBUG org.apache.http.wire  -  >> "Accept-Encoding: gzip,deflate[\r][\n]"
338  [main] DEBUG org.apache.http.wire  -  >> "[\r][\n]"
338  [main] DEBUG org.apache.http.headers  - >> GET /data/2.5/forecast?q=Tallinn&appid=ef619cd2265c8cb95d9f7934b5a29b36 HTTP/1.1
338  [main] DEBUG org.apache.http.headers  - >> Content-Type: application/json
338  [main] DEBUG org.apache.http.headers  - >> Accept: */*
338  [main] DEBUG org.apache.http.headers  - >> Host: api.openweathermap.org
338  [main] DEBUG org.apache.http.headers  - >> Connection: Keep-Alive
338  [main] DEBUG org.apache.http.headers  - >> User-Agent: Apache-HttpClient/4.5.13 (Java/17.0.5)
338  [main] DEBUG org.apache.http.headers  - >> Accept-Encoding: gzip,deflate
437  [main] DEBUG org.apache.http.wire  -  << "HTTP/1.1 200 OK[\r][\n]"
438  [main] DEBUG org.apache.http.wire  -  << "Server: openresty[\r][\n]"
438  [main] DEBUG org.apache.http.wire  -  << "Date: Sat, 03 Dec 2022 19:34:37 GMT[\r][\n]"
438  [main] DEBUG org.apache.http.wire  -  << "Content-Type: application/json; charset=utf-8[\r][\n]"
438  [main] DEBUG org.apache.http.wire  -  << "Content-Length: 16381[\r][\n]"
438  [main] DEBUG org.apache.http.wire  -  << "Connection: keep-alive[\r][\n]"
438  [main] DEBUG org.apache.http.wire  -  << "X-Cache-Key: /data/2.5/forecast?q=tallinn[\r][\n]"
438  [main] DEBUG org.apache.http.wire  -  << "Access-Control-Allow-Origin: *[\r][\n]"
438  [main] DEBUG org.apache.http.wire  -  << "Access-Control-Allow-Credentials: true[\r][\n]"
438  [main] DEBUG org.apache.http.wire  -  << "Access-Control-Allow-Methods: GET, POST[\r][\n]"
438  [main] DEBUG org.apache.http.wire  -  << "[\r][\n]"
438  [main] DEBUG org.apache.http.impl.conn.DefaultClientConnection  - Receiving response: HTTP/1.1 200 OK
438  [main] DEBUG org.apache.http.headers  - << HTTP/1.1 200 OK
438  [main] DEBUG org.apache.http.headers  - << Server: openresty
438  [main] DEBUG org.apache.http.headers  - << Date: Sat, 03 Dec 2022 19:34:37 GMT
438  [main] DEBUG org.apache.http.headers  - << Content-Type: application/json; charset=utf-8
438  [main] DEBUG org.apache.http.headers  - << Content-Length: 16381
438  [main] DEBUG org.apache.http.headers  - << Connection: keep-alive
438  [main] DEBUG org.apache.http.headers  - << X-Cache-Key: /data/2.5/forecast?q=tallinn
438  [main] DEBUG org.apache.http.headers  - << Access-Control-Allow-Origin: *
438  [main] DEBUG org.apache.http.headers  - << Access-Control-Allow-Credentials: true
438  [main] DEBUG org.apache.http.headers  - << Access-Control-Allow-Methods: GET, POST
440  [main] DEBUG org.apache.http.impl.client.DefaultHttpClient  - Connection can be kept alive indefinitely
442  [main] DEBUG io.restassured.internal.RestAssuredHttpBuilder  - Parsing response as: application/json; charset=utf-8
442  [main] DEBUG io.restassured.internal.RestAssuredHttpBuilder  - Parsed data to instance of: class org.apache.http.conn.EofSensorInputStream
]]></system-out>
  </testcase>
  <testcase name="getWeatherHttp" classname="SmokeTest" time="0.289">
    <system-out><![CDATA[465  [main] DEBUG org.apache.http.impl.conn.BasicClientConnectionManager  - Get connection for route {s}->https://api.openweathermap.org:443
465  [main] DEBUG org.apache.http.impl.conn.DefaultClientConnectionOperator  - Connecting to api.openweathermap.org:443
692  [main] DEBUG org.apache.http.client.protocol.RequestAddCookies  - CookieSpec selected: ignoreCookies
693  [main] DEBUG org.apache.http.client.protocol.RequestAuthCache  - Auth cache not set in the context
693  [main] DEBUG org.apache.http.client.protocol.RequestTargetAuthentication  - Target auth state: UNCHALLENGED
693  [main] DEBUG org.apache.http.client.protocol.RequestProxyAuthentication  - Proxy auth state: UNCHALLENGED
694  [main] DEBUG org.apache.http.impl.client.DefaultHttpClient  - Attempt 1 to execute request
694  [main] DEBUG org.apache.http.impl.conn.DefaultClientConnection  - Sending request: GET /data/2.5/weather?q=Tallinn&appid=ef619cd2265c8cb95d9f7934b5a29b36 HTTP/1.1
694  [main] DEBUG org.apache.http.wire  -  >> "GET /data/2.5/weather?q=Tallinn&appid=ef619cd2265c8cb95d9f7934b5a29b36 HTTP/1.1[\r][\n]"
695  [main] DEBUG org.apache.http.wire  -  >> "Content-Type: application/json[\r][\n]"
695  [main] DEBUG org.apache.http.wire  -  >> "Accept: */*[\r][\n]"
695  [main] DEBUG org.apache.http.wire  -  >> "Host: api.openweathermap.org[\r][\n]"
695  [main] DEBUG org.apache.http.wire  -  >> "Connection: Keep-Alive[\r][\n]"
695  [main] DEBUG org.apache.http.wire  -  >> "User-Agent: Apache-HttpClient/4.5.13 (Java/17.0.5)[\r][\n]"
695  [main] DEBUG org.apache.http.wire  -  >> "Accept-Encoding: gzip,deflate[\r][\n]"
695  [main] DEBUG org.apache.http.wire  -  >> "[\r][\n]"
695  [main] DEBUG org.apache.http.headers  - >> GET /data/2.5/weather?q=Tallinn&appid=ef619cd2265c8cb95d9f7934b5a29b36 HTTP/1.1
696  [main] DEBUG org.apache.http.headers  - >> Content-Type: application/json
696  [main] DEBUG org.apache.http.headers  - >> Accept: */*
696  [main] DEBUG org.apache.http.headers  - >> Host: api.openweathermap.org
696  [main] DEBUG org.apache.http.headers  - >> Connection: Keep-Alive
696  [main] DEBUG org.apache.http.headers  - >> User-Agent: Apache-HttpClient/4.5.13 (Java/17.0.5)
696  [main] DEBUG org.apache.http.headers  - >> Accept-Encoding: gzip,deflate
740  [main] DEBUG org.apache.http.wire  -  << "HTTP/1.1 200 OK[\r][\n]"
740  [main] DEBUG org.apache.http.wire  -  << "Server: openresty[\r][\n]"
740  [main] DEBUG org.apache.http.wire  -  << "Date: Sat, 03 Dec 2022 19:34:37 GMT[\r][\n]"
741  [main] DEBUG org.apache.http.wire  -  << "Content-Type: application/json; charset=utf-8[\r][\n]"
741  [main] DEBUG org.apache.http.wire  -  << "Content-Length: 474[\r][\n]"
741  [main] DEBUG org.apache.http.wire  -  << "Connection: keep-alive[\r][\n]"
741  [main] DEBUG org.apache.http.wire  -  << "X-Cache-Key: /data/2.5/weather?q=tallinn[\r][\n]"
741  [main] DEBUG org.apache.http.wire  -  << "Access-Control-Allow-Origin: *[\r][\n]"
742  [main] DEBUG org.apache.http.wire  -  << "Access-Control-Allow-Credentials: true[\r][\n]"
742  [main] DEBUG org.apache.http.wire  -  << "Access-Control-Allow-Methods: GET, POST[\r][\n]"
742  [main] DEBUG org.apache.http.wire  -  << "[\r][\n]"
742  [main] DEBUG org.apache.http.impl.conn.DefaultClientConnection  - Receiving response: HTTP/1.1 200 OK
742  [main] DEBUG org.apache.http.headers  - << HTTP/1.1 200 OK
743  [main] DEBUG org.apache.http.headers  - << Server: openresty
743  [main] DEBUG org.apache.http.headers  - << Date: Sat, 03 Dec 2022 19:34:37 GMT
743  [main] DEBUG org.apache.http.headers  - << Content-Type: application/json; charset=utf-8
743  [main] DEBUG org.apache.http.headers  - << Content-Length: 474
743  [main] DEBUG org.apache.http.headers  - << Connection: keep-alive
743  [main] DEBUG org.apache.http.headers  - << X-Cache-Key: /data/2.5/weather?q=tallinn
743  [main] DEBUG org.apache.http.headers  - << Access-Control-Allow-Origin: *
743  [main] DEBUG org.apache.http.headers  - << Access-Control-Allow-Credentials: true
743  [main] DEBUG org.apache.http.headers  - << Access-Control-Allow-Methods: GET, POST
744  [main] DEBUG org.apache.http.impl.client.DefaultHttpClient  - Connection can be kept alive indefinitely
744  [main] DEBUG io.restassured.internal.RestAssuredHttpBuilder  - Parsing response as: application/json; charset=utf-8
744  [main] DEBUG io.restassured.internal.RestAssuredHttpBuilder  - Parsed data to instance of: class org.apache.http.conn.EofSensorInputStream
]]></system-out>
  </testcase>
  <testcase name="getWeatherForecastWithLATLON" classname="SmokeTest" time="0.378">
    <system-out><![CDATA[755  [main] DEBUG org.apache.http.impl.conn.BasicClientConnectionManager  - Get connection for route {s}->https://api.openweathermap.org:443
755  [main] DEBUG org.apache.http.impl.conn.DefaultClientConnectionOperator  - Connecting to api.openweathermap.org:443
995  [main] DEBUG org.apache.http.client.protocol.RequestAddCookies  - CookieSpec selected: ignoreCookies
995  [main] DEBUG org.apache.http.client.protocol.RequestAuthCache  - Auth cache not set in the context
995  [main] DEBUG org.apache.http.client.protocol.RequestTargetAuthentication  - Target auth state: UNCHALLENGED
995  [main] DEBUG org.apache.http.client.protocol.RequestProxyAuthentication  - Proxy auth state: UNCHALLENGED
995  [main] DEBUG org.apache.http.impl.client.DefaultHttpClient  - Attempt 1 to execute request
995  [main] DEBUG org.apache.http.impl.conn.DefaultClientConnection  - Sending request: GET /data/2.5/forecast?lat=59.436962&lon=24.753574&appid=ef619cd2265c8cb95d9f7934b5a29b36 HTTP/1.1
995  [main] DEBUG org.apache.http.wire  -  >> "GET /data/2.5/forecast?lat=59.436962&lon=24.753574&appid=ef619cd2265c8cb95d9f7934b5a29b36 HTTP/1.1[\r][\n]"
996  [main] DEBUG org.apache.http.wire  -  >> "Content-Type: application/json[\r][\n]"
996  [main] DEBUG org.apache.http.wire  -  >> "Accept: */*[\r][\n]"
996  [main] DEBUG org.apache.http.wire  -  >> "Host: api.openweathermap.org[\r][\n]"
996  [main] DEBUG org.apache.http.wire  -  >> "Connection: Keep-Alive[\r][\n]"
996  [main] DEBUG org.apache.http.wire  -  >> "User-Agent: Apache-HttpClient/4.5.13 (Java/17.0.5)[\r][\n]"
996  [main] DEBUG org.apache.http.wire  -  >> "Accept-Encoding: gzip,deflate[\r][\n]"
996  [main] DEBUG org.apache.http.wire  -  >> "[\r][\n]"
996  [main] DEBUG org.apache.http.headers  - >> GET /data/2.5/forecast?lat=59.436962&lon=24.753574&appid=ef619cd2265c8cb95d9f7934b5a29b36 HTTP/1.1
996  [main] DEBUG org.apache.http.headers  - >> Content-Type: application/json
996  [main] DEBUG org.apache.http.headers  - >> Accept: */*
996  [main] DEBUG org.apache.http.headers  - >> Host: api.openweathermap.org
996  [main] DEBUG org.apache.http.headers  - >> Connection: Keep-Alive
996  [main] DEBUG org.apache.http.headers  - >> User-Agent: Apache-HttpClient/4.5.13 (Java/17.0.5)
997  [main] DEBUG org.apache.http.headers  - >> Accept-Encoding: gzip,deflate
1121 [main] DEBUG org.apache.http.wire  -  << "HTTP/1.1 200 OK[\r][\n]"
1121 [main] DEBUG org.apache.http.wire  -  << "Server: openresty[\r][\n]"
1121 [main] DEBUG org.apache.http.wire  -  << "Date: Sat, 03 Dec 2022 19:34:37 GMT[\r][\n]"
1121 [main] DEBUG org.apache.http.wire  -  << "Content-Type: application/json; charset=utf-8[\r][\n]"
1122 [main] DEBUG org.apache.http.wire  -  << "Content-Length: 16381[\r][\n]"
1122 [main] DEBUG org.apache.http.wire  -  << "Connection: keep-alive[\r][\n]"
1122 [main] DEBUG org.apache.http.wire  -  << "X-Cache-Key: /data/2.5/forecast?lat=59.44&lon=24.75[\r][\n]"
1122 [main] DEBUG org.apache.http.wire  -  << "Access-Control-Allow-Origin: *[\r][\n]"
1122 [main] DEBUG org.apache.http.wire  -  << "Access-Control-Allow-Credentials: true[\r][\n]"
1122 [main] DEBUG org.apache.http.wire  -  << "Access-Control-Allow-Methods: GET, POST[\r][\n]"
1122 [main] DEBUG org.apache.http.wire  -  << "[\r][\n]"
1122 [main] DEBUG org.apache.http.impl.conn.DefaultClientConnection  - Receiving response: HTTP/1.1 200 OK
1122 [main] DEBUG org.apache.http.headers  - << HTTP/1.1 200 OK
1122 [main] DEBUG org.apache.http.headers  - << Server: openresty
1123 [main] DEBUG org.apache.http.headers  - << Date: Sat, 03 Dec 2022 19:34:37 GMT
1123 [main] DEBUG org.apache.http.headers  - << Content-Type: application/json; charset=utf-8
1123 [main] DEBUG org.apache.http.headers  - << Content-Length: 16381
1123 [main] DEBUG org.apache.http.headers  - << Connection: keep-alive
1123 [main] DEBUG org.apache.http.headers  - << X-Cache-Key: /data/2.5/forecast?lat=59.44&lon=24.75
1123 [main] DEBUG org.apache.http.headers  - << Access-Control-Allow-Origin: *
1123 [main] DEBUG org.apache.http.headers  - << Access-Control-Allow-Credentials: true
1123 [main] DEBUG org.apache.http.headers  - << Access-Control-Allow-Methods: GET, POST
1123 [main] DEBUG org.apache.http.impl.client.DefaultHttpClient  - Connection can be kept alive indefinitely
1123 [main] DEBUG io.restassured.internal.RestAssuredHttpBuilder  - Parsing response as: application/json; charset=utf-8
1123 [main] DEBUG io.restassured.internal.RestAssuredHttpBuilder  - Parsed data to instance of: class org.apache.http.conn.EofSensorInputStream
]]></system-out>
  </testcase>
  <testcase name="getWeatherForecastHttp" classname="SmokeTest" time="0.279">
    <system-out><![CDATA[1134 [main] DEBUG org.apache.http.impl.conn.BasicClientConnectionManager  - Get connection for route {s}->https://api.openweathermap.org:443
1134 [main] DEBUG org.apache.http.impl.conn.DefaultClientConnectionOperator  - Connecting to api.openweathermap.org:443
1352 [main] DEBUG org.apache.http.client.protocol.RequestAddCookies  - CookieSpec selected: ignoreCookies
1353 [main] DEBUG org.apache.http.client.protocol.RequestAuthCache  - Auth cache not set in the context
1353 [main] DEBUG org.apache.http.client.protocol.RequestTargetAuthentication  - Target auth state: UNCHALLENGED
1353 [main] DEBUG org.apache.http.client.protocol.RequestProxyAuthentication  - Proxy auth state: UNCHALLENGED
1354 [main] DEBUG org.apache.http.impl.client.DefaultHttpClient  - Attempt 1 to execute request
1354 [main] DEBUG org.apache.http.impl.conn.DefaultClientConnection  - Sending request: GET /data/2.5/forecast?q= HTTP/1.1
1354 [main] DEBUG org.apache.http.wire  -  >> "GET /data/2.5/forecast?q= HTTP/1.1[\r][\n]"
1354 [main] DEBUG org.apache.http.wire  -  >> "Accept: */*[\r][\n]"
1354 [main] DEBUG org.apache.http.wire  -  >> "Host: api.openweathermap.org[\r][\n]"
1355 [main] DEBUG org.apache.http.wire  -  >> "Connection: Keep-Alive[\r][\n]"
1355 [main] DEBUG org.apache.http.wire  -  >> "User-Agent: Apache-HttpClient/4.5.13 (Java/17.0.5)[\r][\n]"
1355 [main] DEBUG org.apache.http.wire  -  >> "Accept-Encoding: gzip,deflate[\r][\n]"
1355 [main] DEBUG org.apache.http.wire  -  >> "[\r][\n]"
1355 [main] DEBUG org.apache.http.headers  - >> GET /data/2.5/forecast?q= HTTP/1.1
1355 [main] DEBUG org.apache.http.headers  - >> Accept: */*
1355 [main] DEBUG org.apache.http.headers  - >> Host: api.openweathermap.org
1355 [main] DEBUG org.apache.http.headers  - >> Connection: Keep-Alive
1355 [main] DEBUG org.apache.http.headers  - >> User-Agent: Apache-HttpClient/4.5.13 (Java/17.0.5)
1355 [main] DEBUG org.apache.http.headers  - >> Accept-Encoding: gzip,deflate
1397 [main] DEBUG org.apache.http.wire  -  << "HTTP/1.1 401 Unauthorized[\r][\n]"
1398 [main] DEBUG org.apache.http.wire  -  << "Server: openresty[\r][\n]"
1398 [main] DEBUG org.apache.http.wire  -  << "Date: Sat, 03 Dec 2022 19:34:38 GMT[\r][\n]"
1398 [main] DEBUG org.apache.http.wire  -  << "Content-Type: application/json; charset=utf-8[\r][\n]"
1399 [main] DEBUG org.apache.http.wire  -  << "Content-Length: 108[\r][\n]"
1399 [main] DEBUG org.apache.http.wire  -  << "Connection: keep-alive[\r][\n]"
1399 [main] DEBUG org.apache.http.wire  -  << "X-Cache-Key: /data/2.5/forecast?q=[\r][\n]"
1399 [main] DEBUG org.apache.http.wire  -  << "Access-Control-Allow-Origin: *[\r][\n]"
1399 [main] DEBUG org.apache.http.wire  -  << "Access-Control-Allow-Credentials: true[\r][\n]"
1399 [main] DEBUG org.apache.http.wire  -  << "Access-Control-Allow-Methods: GET, POST[\r][\n]"
1399 [main] DEBUG org.apache.http.wire  -  << "[\r][\n]"
1400 [main] DEBUG org.apache.http.impl.conn.DefaultClientConnection  - Receiving response: HTTP/1.1 401 Unauthorized
1400 [main] DEBUG org.apache.http.headers  - << HTTP/1.1 401 Unauthorized
1400 [main] DEBUG org.apache.http.headers  - << Server: openresty
1400 [main] DEBUG org.apache.http.headers  - << Date: Sat, 03 Dec 2022 19:34:38 GMT
1401 [main] DEBUG org.apache.http.headers  - << Content-Type: application/json; charset=utf-8
1401 [main] DEBUG org.apache.http.headers  - << Content-Length: 108
1401 [main] DEBUG org.apache.http.headers  - << Connection: keep-alive
1401 [main] DEBUG org.apache.http.headers  - << X-Cache-Key: /data/2.5/forecast?q=
1401 [main] DEBUG org.apache.http.headers  - << Access-Control-Allow-Origin: *
1401 [main] DEBUG org.apache.http.headers  - << Access-Control-Allow-Credentials: true
1401 [main] DEBUG org.apache.http.headers  - << Access-Control-Allow-Methods: GET, POST
1401 [main] DEBUG org.apache.http.impl.client.DefaultHttpClient  - Connection can be kept alive indefinitely
1402 [main] DEBUG org.apache.http.impl.client.DefaultHttpClient  - Authentication required
1402 [main] DEBUG org.apache.http.impl.client.DefaultHttpClient  - api.openweathermap.org:443 requested authentication
1402 [main] DEBUG org.apache.http.impl.client.DefaultHttpClient  - Response contains no authentication challenges
1402 [main] DEBUG io.restassured.internal.RestAssuredHttpBuilder  - Parsing response as: application/json; charset=utf-8
1402 [main] DEBUG io.restassured.internal.RestAssuredHttpBuilder  - Parsed data to instance of: class org.apache.http.conn.EofSensorInputStream
]]></system-out>
  </testcase>
  <testcase name="getWeatherApiWithoutKey" classname="SmokeTest" time="0.353">
    <system-out><![CDATA[1417 [main] DEBUG org.apache.http.impl.conn.BasicClientConnectionManager  - Get connection for route {s}->https://api.openweathermap.org:443
1417 [main] DEBUG org.apache.http.impl.conn.DefaultClientConnectionOperator  - Connecting to api.openweathermap.org:443
1656 [main] DEBUG org.apache.http.client.protocol.RequestAddCookies  - CookieSpec selected: ignoreCookies
1656 [main] DEBUG org.apache.http.client.protocol.RequestAuthCache  - Auth cache not set in the context
1656 [main] DEBUG org.apache.http.client.protocol.RequestTargetAuthentication  - Target auth state: UNCHALLENGED
1656 [main] DEBUG org.apache.http.client.protocol.RequestProxyAuthentication  - Proxy auth state: UNCHALLENGED
1656 [main] DEBUG org.apache.http.impl.client.DefaultHttpClient  - Attempt 1 to execute request
1657 [main] DEBUG org.apache.http.impl.conn.DefaultClientConnection  - Sending request: GET /data/2.5/weather?q= HTTP/1.1
1657 [main] DEBUG org.apache.http.wire  -  >> "GET /data/2.5/weather?q= HTTP/1.1[\r][\n]"
1657 [main] DEBUG org.apache.http.wire  -  >> "Accept: */*[\r][\n]"
1657 [main] DEBUG org.apache.http.wire  -  >> "Host: api.openweathermap.org[\r][\n]"
1657 [main] DEBUG org.apache.http.wire  -  >> "Connection: Keep-Alive[\r][\n]"
1657 [main] DEBUG org.apache.http.wire  -  >> "User-Agent: Apache-HttpClient/4.5.13 (Java/17.0.5)[\r][\n]"
1657 [main] DEBUG org.apache.http.wire  -  >> "Accept-Encoding: gzip,deflate[\r][\n]"
1657 [main] DEBUG org.apache.http.wire  -  >> "[\r][\n]"
1657 [main] DEBUG org.apache.http.headers  - >> GET /data/2.5/weather?q= HTTP/1.1
1657 [main] DEBUG org.apache.http.headers  - >> Accept: */*
1657 [main] DEBUG org.apache.http.headers  - >> Host: api.openweathermap.org
1657 [main] DEBUG org.apache.http.headers  - >> Connection: Keep-Alive
1657 [main] DEBUG org.apache.http.headers  - >> User-Agent: Apache-HttpClient/4.5.13 (Java/17.0.5)
1657 [main] DEBUG org.apache.http.headers  - >> Accept-Encoding: gzip,deflate
1758 [main] DEBUG org.apache.http.wire  -  << "HTTP/1.1 401 Unauthorized[\r][\n]"
1758 [main] DEBUG org.apache.http.wire  -  << "Server: openresty[\r][\n]"
1758 [main] DEBUG org.apache.http.wire  -  << "Date: Sat, 03 Dec 2022 19:34:38 GMT[\r][\n]"
1758 [main] DEBUG org.apache.http.wire  -  << "Content-Type: application/json; charset=utf-8[\r][\n]"
1758 [main] DEBUG org.apache.http.wire  -  << "Content-Length: 108[\r][\n]"
1758 [main] DEBUG org.apache.http.wire  -  << "Connection: keep-alive[\r][\n]"
1758 [main] DEBUG org.apache.http.wire  -  << "X-Cache-Key: /data/2.5/weather?q=[\r][\n]"
1758 [main] DEBUG org.apache.http.wire  -  << "Access-Control-Allow-Origin: *[\r][\n]"
1758 [main] DEBUG org.apache.http.wire  -  << "Access-Control-Allow-Credentials: true[\r][\n]"
1758 [main] DEBUG org.apache.http.wire  -  << "Access-Control-Allow-Methods: GET, POST[\r][\n]"
1758 [main] DEBUG org.apache.http.wire  -  << "[\r][\n]"
1758 [main] DEBUG org.apache.http.impl.conn.DefaultClientConnection  - Receiving response: HTTP/1.1 401 Unauthorized
1758 [main] DEBUG org.apache.http.headers  - << HTTP/1.1 401 Unauthorized
1759 [main] DEBUG org.apache.http.headers  - << Server: openresty
1759 [main] DEBUG org.apache.http.headers  - << Date: Sat, 03 Dec 2022 19:34:38 GMT
1759 [main] DEBUG org.apache.http.headers  - << Content-Type: application/json; charset=utf-8
1759 [main] DEBUG org.apache.http.headers  - << Content-Length: 108
1759 [main] DEBUG org.apache.http.headers  - << Connection: keep-alive
1759 [main] DEBUG org.apache.http.headers  - << X-Cache-Key: /data/2.5/weather?q=
1759 [main] DEBUG org.apache.http.headers  - << Access-Control-Allow-Origin: *
1759 [main] DEBUG org.apache.http.headers  - << Access-Control-Allow-Credentials: true
1759 [main] DEBUG org.apache.http.headers  - << Access-Control-Allow-Methods: GET, POST
1759 [main] DEBUG org.apache.http.impl.client.DefaultHttpClient  - Connection can be kept alive indefinitely
1759 [main] DEBUG org.apache.http.impl.client.DefaultHttpClient  - Authentication required
1759 [main] DEBUG org.apache.http.impl.client.DefaultHttpClient  - api.openweathermap.org:443 requested authentication
1759 [main] DEBUG org.apache.http.impl.client.DefaultHttpClient  - Response contains no authentication challenges
1759 [main] DEBUG io.restassured.internal.RestAssuredHttpBuilder  - Parsing response as: application/json; charset=utf-8
1759 [main] DEBUG io.restassured.internal.RestAssuredHttpBuilder  - Parsed data to instance of: class org.apache.http.conn.EofSensorInputStream
]]></system-out>
  </testcase>
  <testcase name="getWeatherWithLATLON" classname="SmokeTest" time="0.277">
    <system-out><![CDATA[1764 [main] DEBUG org.apache.http.impl.conn.BasicClientConnectionManager  - Get connection for route {s}->https://api.openweathermap.org:443
1764 [main] DEBUG org.apache.http.impl.conn.DefaultClientConnectionOperator  - Connecting to api.openweathermap.org:443
1970 [main] DEBUG org.apache.http.client.protocol.RequestAddCookies  - CookieSpec selected: ignoreCookies
1970 [main] DEBUG org.apache.http.client.protocol.RequestAuthCache  - Auth cache not set in the context
1970 [main] DEBUG org.apache.http.client.protocol.RequestTargetAuthentication  - Target auth state: UNCHALLENGED
1970 [main] DEBUG org.apache.http.client.protocol.RequestProxyAuthentication  - Proxy auth state: UNCHALLENGED
1970 [main] DEBUG org.apache.http.impl.client.DefaultHttpClient  - Attempt 1 to execute request
1970 [main] DEBUG org.apache.http.impl.conn.DefaultClientConnection  - Sending request: GET /data/2.5/weather?lat=59.436962&lon=24.753574&appid=ef619cd2265c8cb95d9f7934b5a29b36 HTTP/1.1
1970 [main] DEBUG org.apache.http.wire  -  >> "GET /data/2.5/weather?lat=59.436962&lon=24.753574&appid=ef619cd2265c8cb95d9f7934b5a29b36 HTTP/1.1[\r][\n]"
1970 [main] DEBUG org.apache.http.wire  -  >> "Content-Type: application/json[\r][\n]"
1970 [main] DEBUG org.apache.http.wire  -  >> "Accept: */*[\r][\n]"
1970 [main] DEBUG org.apache.http.wire  -  >> "Host: api.openweathermap.org[\r][\n]"
1971 [main] DEBUG org.apache.http.wire  -  >> "Connection: Keep-Alive[\r][\n]"
1971 [main] DEBUG org.apache.http.wire  -  >> "User-Agent: Apache-HttpClient/4.5.13 (Java/17.0.5)[\r][\n]"
1971 [main] DEBUG org.apache.http.wire  -  >> "Accept-Encoding: gzip,deflate[\r][\n]"
1971 [main] DEBUG org.apache.http.wire  -  >> "[\r][\n]"
1971 [main] DEBUG org.apache.http.headers  - >> GET /data/2.5/weather?lat=59.436962&lon=24.753574&appid=ef619cd2265c8cb95d9f7934b5a29b36 HTTP/1.1
1971 [main] DEBUG org.apache.http.headers  - >> Content-Type: application/json
1971 [main] DEBUG org.apache.http.headers  - >> Accept: */*
1971 [main] DEBUG org.apache.http.headers  - >> Host: api.openweathermap.org
1971 [main] DEBUG org.apache.http.headers  - >> Connection: Keep-Alive
1971 [main] DEBUG org.apache.http.headers  - >> User-Agent: Apache-HttpClient/4.5.13 (Java/17.0.5)
1971 [main] DEBUG org.apache.http.headers  - >> Accept-Encoding: gzip,deflate
2034 [main] DEBUG org.apache.http.wire  -  << "HTTP/1.1 200 OK[\r][\n]"
2034 [main] DEBUG org.apache.http.wire  -  << "Server: openresty[\r][\n]"
2034 [main] DEBUG org.apache.http.wire  -  << "Date: Sat, 03 Dec 2022 19:34:38 GMT[\r][\n]"
2034 [main] DEBUG org.apache.http.wire  -  << "Content-Type: application/json; charset=utf-8[\r][\n]"
2034 [main] DEBUG org.apache.http.wire  -  << "Content-Length: 474[\r][\n]"
2034 [main] DEBUG org.apache.http.wire  -  << "Connection: keep-alive[\r][\n]"
2034 [main] DEBUG org.apache.http.wire  -  << "X-Cache-Key: /data/2.5/weather?lat=59.44&lon=24.75[\r][\n]"
2034 [main] DEBUG org.apache.http.wire  -  << "Access-Control-Allow-Origin: *[\r][\n]"
2034 [main] DEBUG org.apache.http.wire  -  << "Access-Control-Allow-Credentials: true[\r][\n]"
2034 [main] DEBUG org.apache.http.wire  -  << "Access-Control-Allow-Methods: GET, POST[\r][\n]"
2034 [main] DEBUG org.apache.http.wire  -  << "[\r][\n]"
2035 [main] DEBUG org.apache.http.impl.conn.DefaultClientConnection  - Receiving response: HTTP/1.1 200 OK
2035 [main] DEBUG org.apache.http.headers  - << HTTP/1.1 200 OK
2035 [main] DEBUG org.apache.http.headers  - << Server: openresty
2035 [main] DEBUG org.apache.http.headers  - << Date: Sat, 03 Dec 2022 19:34:38 GMT
2035 [main] DEBUG org.apache.http.headers  - << Content-Type: application/json; charset=utf-8
2035 [main] DEBUG org.apache.http.headers  - << Content-Length: 474
2035 [main] DEBUG org.apache.http.headers  - << Connection: keep-alive
2035 [main] DEBUG org.apache.http.headers  - << X-Cache-Key: /data/2.5/weather?lat=59.44&lon=24.75
2035 [main] DEBUG org.apache.http.headers  - << Access-Control-Allow-Origin: *
2035 [main] DEBUG org.apache.http.headers  - << Access-Control-Allow-Credentials: true
2035 [main] DEBUG org.apache.http.headers  - << Access-Control-Allow-Methods: GET, POST
2035 [main] DEBUG org.apache.http.impl.client.DefaultHttpClient  - Connection can be kept alive indefinitely
2035 [main] DEBUG io.restassured.internal.RestAssuredHttpBuilder  - Parsing response as: application/json; charset=utf-8
2035 [main] DEBUG io.restassured.internal.RestAssuredHttpBuilder  - Parsed data to instance of: class org.apache.http.conn.EofSensorInputStream
]]></system-out>
  </testcase>
</testsuite>